[22:56:49] Starting toggle
[22:56:49] Starting toggle
Current sink: alsa_output.usb-SteelSeries_Arctis_Nova_7-00.analog-stereo
Next sink: alsa_output.pci-0000_06_00.1.hdmi-stereo
Current sink: alsa_output.usb-SteelSeries_Arctis_Nova_7-00.analog-stereo
Next sink: alsa_output.pci-0000_06_00.1.hdmi-stereo
Setting volume for input 8144
Setting volume for input 8144
Toggle complete
Toggle complete
[22:56:53] Starting toggle
Current sink: alsa_output.usb-ACTIONS_Pebble_V3-00.analog-stereo
Next sink: alsa_output.usb-SteelSeries_Arctis_Nova_7-00.analog-stereo
Setting volume for input 8144
Toggle complete
[22:56:54] Starting toggle
Current sink: alsa_output.pci-0000_06_00.1.hdmi-stereo
Next sink: alsa_output.usb-ACTIONS_Pebble_V3-00.analog-stereo
Setting volume for input 8144
Toggle complete
[22:56:55] Starting toggle
Current sink: alsa_output.usb-SteelSeries_Arctis_Nova_7-00.analog-stereo
Next sink: alsa_output.pci-0000_06_00.1.hdmi-stereo
Setting volume for input 8144
Toggle complete
[23:01:23] Starting toggle
[23:01:23] Starting toggle
Current sink: alsa_output.usb-ACTIONS_Pebble_V3-00.analog-stereo
Next sink: alsa_output.usb-SteelSeries_Arctis_Nova_7-00.analog-stereo
Current sink: alsa_output.usb-ACTIONS_Pebble_V3-00.analog-stereo
Next sink: alsa_output.usb-SteelSeries_Arctis_Nova_7-00.analog-stereo
Setting volume for input 8144
Setting volume for input 8144
Toggle complete
Toggle complete
[23:01:24] Starting toggle
[23:01:24] Starting toggle
Current sink: alsa_output.pci-0000_06_00.1.hdmi-stereo
Next sink: alsa_output.usb-ACTIONS_Pebble_V3-00.analog-stereo
Current sink: alsa_output.pci-0000_06_00.1.hdmi-stereo
Next sink: alsa_output.usb-ACTIONS_Pebble_V3-00.analog-stereo
Setting volume for input 8144
Setting volume for input 8144
Toggle complete
Toggle complete
[23:01:24] Starting toggle
[23:01:24] Starting toggle
Current sink: alsa_output.usb-SteelSeries_Arctis_Nova_7-00.analog-stereo
Next sink: alsa_output.pci-0000_06_00.1.hdmi-stereo
Current sink: alsa_output.usb-SteelSeries_Arctis_Nova_7-00.analog-stereo
Next sink: alsa_output.pci-0000_06_00.1.hdmi-stereo
Setting volume for input 8144
Setting volume for input 8144
Toggle complete
Toggle complete
[23:01:25] Starting toggle
[23:01:25] Starting toggle
Current sink: alsa_output.usb-ACTIONS_Pebble_V3-00.analog-stereo
Next sink: alsa_output.usb-SteelSeries_Arctis_Nova_7-00.analog-stereo
Current sink: alsa_output.usb-ACTIONS_Pebble_V3-00.analog-stereo
Next sink: alsa_output.usb-SteelSeries_Arctis_Nova_7-00.analog-stereo
Setting volume for input 8144
Setting volume for input 8144
Toggle complete
Toggle complete
[01:38:27] Starting toggle
Current sink: alsa_output.pci-0000_06_00.1.hdmi-stereo
Next sink: alsa_output.usb-ACTIONS_Pebble_V3-00.analog-stereo
Setting volume for input 8698
Setting volume for input 8716
Toggle complete
[01:38:27] Starting toggle
Current sink: alsa_output.usb-ACTIONS_Pebble_V3-00.analog-stereo
Next sink: alsa_output.usb-SteelSeries_Arctis_Nova_7-00.analog-stereo
Setting volume for input 8698
Setting volume for input 8716
Toggle complete
[01:48:04] Starting toggle
Current sink: alsa_output.pci-0000_06_00.1.hdmi-stereo
Next sink: alsa_output.usb-ACTIONS_Pebble_V3-00.analog-stereo
Setting volume for input 8716
Setting volume for input 8807
Toggle complete
[03:39:53] Starting toggle
[03:39:53] Starting toggle
Current sink: alsa_output.usb-SteelSeries_Arctis_Nova_7-00.analog-stereo
Next sink: alsa_output.pci-0000_06_00.1.hdmi-stereo
Current sink: alsa_output.usb-SteelSeries_Arctis_Nova_7-00.analog-stereo
Next sink: alsa_output.pci-0000_06_00.1.hdmi-stereo
Setting volume for input 8872
Setting volume for input 8872
Toggle complete
Toggle complete
[03:39:53] Starting toggle
[03:39:53] Starting toggle
Current sink: alsa_output.usb-ACTIONS_Pebble_V3-00.analog-stereo
Next sink: alsa_output.usb-SteelSeries_Arctis_Nova_7-00.analog-stereo
Current sink: alsa_output.usb-ACTIONS_Pebble_V3-00.analog-stereo
Next sink: alsa_output.usb-SteelSeries_Arctis_Nova_7-00.analog-stereo
Setting volume for input 8872
Setting volume for input 8872
Toggle complete
Toggle complete
[03:39:56] Starting toggle
[03:39:56] Starting toggle
Current sink: alsa_output.pci-0000_06_00.1.hdmi-stereo
Next sink: alsa_output.usb-ACTIONS_Pebble_V3-00.analog-stereo
Current sink: alsa_output.pci-0000_06_00.1.hdmi-stereo
Next sink: alsa_output.usb-ACTIONS_Pebble_V3-00.analog-stereo
Setting volume for input 8872
Setting volume for input 8872
Toggle complete
Toggle complete
[03:39:57] Starting toggle
[03:39:57] Starting toggle
Current sink: alsa_output.usb-SteelSeries_Arctis_Nova_7-00.analog-stereo
Next sink: alsa_output.pci-0000_06_00.1.hdmi-stereo
Current sink: alsa_output.usb-SteelSeries_Arctis_Nova_7-00.analog-stereo
Next sink: alsa_output.pci-0000_06_00.1.hdmi-stereo
Setting volume for input 8872
Setting volume for input 8872
Toggle complete
Toggle complete
[03:39:57] Starting toggle
[03:39:57] Starting toggle
Current sink: alsa_output.usb-ACTIONS_Pebble_V3-00.analog-stereo
Next sink: alsa_output.usb-SteelSeries_Arctis_Nova_7-00.analog-stereo
Current sink: alsa_output.usb-ACTIONS_Pebble_V3-00.analog-stereo
Next sink: alsa_output.usb-SteelSeries_Arctis_Nova_7-00.analog-stereo
Setting volume for input 8872
Setting volume for input 8872
Toggle complete
Toggle complete
[03:39:58] Starting toggle
[03:39:58] Starting toggle
Current sink: alsa_output.pci-0000_06_00.1.hdmi-stereo
Next sink: alsa_output.usb-ACTIONS_Pebble_V3-00.analog-stereo
Current sink: alsa_output.pci-0000_06_00.1.hdmi-stereo
Next sink: alsa_output.usb-ACTIONS_Pebble_V3-00.analog-stereo
Setting volume for input 8872
Setting volume for input 8872
Toggle complete
Toggle complete
[03:44:31] Starting toggle
Current sink: alsa_output.usb-SteelSeries_Arctis_Nova_7-00.analog-stereo
Next sink: alsa_output.pci-0000_06_00.1.hdmi-stereo
Setting volume for input 8872
Toggle complete
